<testsuite name="api-customer-test-suite" time="8.814" failures="0" errors="0" skipped="0" tests="2">
  <properties>
    <property key="java.runtime.name" value="Java(TM) SE Runtime Environment"/>
    <property key="sun.boot.library.path" value="C:\Program Files\Java\jdk1.8.0_91\jre\bin"/>
    <property key="java.vm.version" value="25.91-b14"/>
    <property key="maven.multiModuleProjectDirectory" value="C:\Users\miracle\AnypointStudio\NaveenKavartapu\KAR_Group\api-customer-vm"/>
    <property key="java.vm.vendor" value="Oracle Corporation"/>
    <property key="java.vendor.url" value="http://java.oracle.com/"/>
    <property key="guice.disable.misplaced.annotation.check" value="true"/>
    <property key="path.separator" value=";"/>
    <property key="java.vm.name" value="Java HotSpot(TM) 64-Bit Server VM"/>
    <property key="file.encoding.pkg" value="sun.io"/>
    <property key="user.country" value="US"/>
    <property key="user.script" value=""/>
    <property key="sun.java.launcher" value="SUN_STANDARD"/>
    <property key="sun.os.patch.level" value=""/>
    <property key="java.vm.specification.name" value="Java Virtual Machine Specification"/>
    <property key="user.dir" value="C:\Users\miracle\AnypointStudio\NaveenKavartapu\KAR_Group\api-customer-vm"/>
    <property key="java.runtime.version" value="1.8.0_91-b14"/>
    <property key="java.awt.graphicsenv" value="sun.awt.Win32GraphicsEnvironment"/>
    <property key="java.endorsed.dirs" value="C:\Program Files\Java\jdk1.8.0_91\jre\lib\endorsed"/>
    <property key="os.arch" value="amd64"/>
    <property key="java.io.tmpdir" value="C:\Users\miracle\AppData\Local\Temp\"/>
    <property key="line.separator" value="&#xd;&#xa;"/>
    <property key="java.vm.specification.vendor" value="Oracle Corporation"/>
    <property key="user.variant" value=""/>
    <property key="os.name" value="Windows 8.1"/>
    <property key="classworlds.conf" value="C:\NaveenKavartapu\Maven\apache-maven-3.3.9\bin\..\bin\m2.conf"/>
    <property key="sun.jnu.encoding" value="Cp1252"/>
    <property key="java.library.path" value="C:\Program Files\Java\jdk1.8.0_91\bin;C:\Windows\Sun\Java\bin;C:\Windows\system32;C:\Windows;C:\Windows\system32;C:\Windows;C:\Windows\System32\Wbem;C:\Windows\System32\WindowsPowerShell\v1.0\;C:\IBM\SQLLIB\BIN;C:\IBM\SQLLIB\FUNCTION;C:\IBM\SQLLIB\SAMPLES\REPL;C:\Program Files\Java\jdk1.8.0_121\bin;C:\NaveenKavartapu\Maven\apache-maven-3.3.9/bin;C:\Program Files\Git\cmd;."/>
    <property key="java.specification.name" value="Java Platform API Specification"/>
    <property key="java.class.version" value="52.0"/>
    <property key="sun.management.compiler" value="HotSpot 64-Bit Tiered Compilers"/>
    <property key="os.version" value="6.3"/>
    <property key="user.home" value="C:\Users\miracle"/>
    <property key="user.timezone" value="America/New_York"/>
    <property key="java.awt.printerjob" value="sun.awt.windows.WPrinterJob"/>
    <property key="file.encoding" value="Cp1252"/>
    <property key="java.specification.version" value="1.8"/>
    <property key="java.class.path" value="C:\NaveenKavartapu\Maven\apache-maven-3.3.9\bin\..\boot\plexus-classworlds-2.5.2.jar"/>
    <property key="user.name" value="miracle"/>
    <property key="java.vm.specification.version" value="1.8"/>
    <property key="sun.java.command" value="org.codehaus.plexus.classworlds.launcher.Launcher package mule:deploy"/>
    <property key="java.home" value="C:\Program Files\Java\jdk1.8.0_91\jre"/>
    <property key="sun.arch.data.model" value="64"/>
    <property key="user.language" value="en"/>
    <property key="java.specification.vendor" value="Oracle Corporation"/>
    <property key="awt.toolkit" value="sun.awt.windows.WToolkit"/>
    <property key="java.vm.info" value="mixed mode"/>
    <property key="java.version" value="1.8.0_91"/>
    <property key="java.ext.dirs" value="C:\Program Files\Java\jdk1.8.0_91\jre\lib\ext;C:\Windows\Sun\Java\lib\ext"/>
    <property key="sun.boot.class.path" value="C:\Program Files\Java\jdk1.8.0_91\jre\lib\resources.jar;C:\Program Files\Java\jdk1.8.0_91\jre\lib\rt.jar;C:\Program Files\Java\jdk1.8.0_91\jre\lib\sunrsasign.jar;C:\Program Files\Java\jdk1.8.0_91\jre\lib\jsse.jar;C:\Program Files\Java\jdk1.8.0_91\jre\lib\jce.jar;C:\Program Files\Java\jdk1.8.0_91\jre\lib\charsets.jar;C:\Program Files\Java\jdk1.8.0_91\jre\lib\jfr.jar;C:\Program Files\Java\jdk1.8.0_91\jre\classes"/>
    <property key="java.vendor" value="Oracle Corporation"/>
    <property key="sun.stderr.encoding" value="cp437"/>
    <property key="maven.home" value="C:\NaveenKavartapu\Maven\apache-maven-3.3.9\bin\.."/>
    <property key="file.separator" value="\"/>
    <property key="java.vendor.url.bug" value="http://bugreport.sun.com/bugreport/"/>
    <property key="sun.io.unicode.encoding" value="UnicodeLittle"/>
    <property key="sun.cpu.endian" value="little"/>
    <property key="sun.stdout.encoding" value="cp437"/>
    <property key="sun.desktop" value="windows"/>
    <property key="sun.cpu.isalist" value="amd64"/>
    <property key="mule.testingMode" value="true"/>
    <property key="mule.working.dir" value="C:\Users\miracle\AnypointStudio\NaveenKavartapu\KAR_Group\api-customer-vm\target\.mule"/>
  </properties>
  <testcase time="0.876" name="api-customer-test-suite-get:/customer/{id}:api-customer-configTest1" classname="api-customer-test-suite"/>
  <testcase time="4.807" name="api-customer-test-suite-get:/customer/{id}:api-customer-configTest" classname="api-customer-test-suite"/>
</testsuite>